LOG DE ANÁLISIS - MÓDULO DE LIQUIDACIÓN UNIVERSAL

Fecha de Análisis: 25 de Setiembre de 2025

== ENTENDIMIENTO DE LA TAREA ==

El objetivo es comparar la interfaz de usuario (UI) del nuevo script `liquidacion_universal.py` con la del script de liquidación existente `03_Liquidaciones.py`. La meta es asegurar que la UI del nuevo módulo sea funcionalmente equivalente o una mejora intencionada, a pesar de que los motores de cálculo subyacentes son diferentes. Este documento registra las diferencias encontradas en la UI durante el análisis.

== DIFERENCIAS DE INTERFAZ DE USUARIO (UI) ENCONTRADAS ==

Se han identificado varias diferencias significativas en la estructura y funcionalidad de la interfaz entre el módulo nuevo y el antiguo.

1.  **Cabecera y Título Principal:**
    *   **Antiguo (`03_Liquidaciones.py`):** Presenta una cabecera compleja con tres columnas que incluyen los logos de "Geek" e "INANDES" y un título centrado.
    *   **Nuevo (`liquidacion_universal.py`):** Utiliza un `st.title()` simple y directo, sin logos ni formato de columnas complejo. Es más limpio y minimalista.

2.  **Flujo de Trabajo Post-Búsqueda:**
    *   **Antiguo:** Después de buscar un lote, presenta un "Paso 2: Seleccionar Facturas" donde el usuario puede marcar/desmarcar facturas individuales antes de cargarlas para la liquidación. Es un proceso de dos pasos.
    *   **Nuevo:** Omite el paso de selección. Al encontrar un lote, carga todas las facturas encontradas y pasa directamente a la pantalla de liquidación ("Paso 2: Configurar y Ejecutar"). El flujo es más directo.

3.  **Pantalla de Configuración de Liquidación:**
    *   **Configuración Global:**
        *   **Antiguo:** Tiene una sección "Configuración Global" separada para `Fecha de Pago`, `Tasa Interés Compensatorio` y `Tasa Interés Moratorio`. Incluye un botón para "Propagar Globales a Todas".
        *   **Nuevo:** Las configuraciones globales (`Fecha de Pago Global` y `Monto Mínimo para Backdoor`) están integradas dentro del formulario principal. Los parámetros son diferentes y no existe un botón de propagación.
    *   **Detalle y Entradas por Factura:**
        *   **Antiguo:** Para cada factura, muestra una gran cantidad de información histórica y de la operación original ANTES de la simulación. Permite configurar localmente `Fecha de Pago`, `Monto Recibido` y las tasas de interés para cada factura.
        *   **Nuevo:** Es mucho más simple. Solo muestra información básica (número de factura, emisor, monto neto) y proporciona una única entrada por factura: `Monto Recibido`. No hay configuración de tasas a nivel local.
    *   **Carga de Archivos (Sustentos):**
        *   **Antiguo:** Incluye una funcionalidad completa para subir archivos de sustento de pago, ya sea un archivo consolidado para todo el lote o archivos individuales por factura.
        *   **Nuevo:** Esta funcionalidad ha sido completamente eliminada. No hay opciones para cargar archivos.

4.  **Visualización de Resultados:**
    *   **Antiguo:** Muestra un desglose detallado del cálculo de la liquidación (cargos, créditos, etc.) y una tabla con la proyección de la deuda futura.
    *   **Nuevo:** Presenta un resumen de alto nivel utilizando `st.metric` para conceptos clave: "Saldo Global Final", "Estado", "Días de Mora" y "Backdoor Aplicado". Los detalles completos del cálculo están ocultos dentro de un `st.expander`. La visualización es más gerencial y menos operativa.

5.  **Acciones Disponibles Post-Liquidación:**
    *   **Antiguo:** Ofrece botones para "Generar Reporte PDF", "Guardar Liquidación en Supabase" y "Finalizar y Volver".
    *   **Nuevo:** Solo se observan los botones "Guardar Liquidaciones en Supabase" y el botón de "<- Volver a la búsqueda" en la parte superior. La generación de reportes en PDF no está presente.

== CONCLUSIÓN INICIAL ==

El nuevo módulo `liquidacion_universal.py` no es un reemplazo directo del antiguo en términos de interfaz. Representa un cambio significativo hacia la simplicidad y la automatización, eliminando la configuración manual de tasas a nivel de factura y la gestión de sustentos. El flujo es más rápido, pero ofrece menos control granular al usuario durante el proceso. La visualización de resultados está más orientada a un resumen ejecutivo que a una auditoría detallada del cálculo.
